Traceback (most recent call last):
  File "/home/isaac-zainea/miniconda3/envs/libros/lib/python3.11/site-packages/jupyter_cache/executors/utils.py", line 58, in single_nb_execution
    executenb(
  File "/home/isaac-zainea/miniconda3/envs/libros/lib/python3.11/site-packages/nbclient/client.py", line 1319, in execute
    return NotebookClient(nb=nb, resources=resources, km=km, **kwargs).execute()
           ^^^^^^^^^^^^^^^^^^^^^^^^^^^^^^^^^^^^^^^^^^^^^^^^^^^^^^^^^^^^^^^^^^^^^
  File "/home/isaac-zainea/miniconda3/envs/libros/lib/python3.11/site-packages/jupyter_core/utils/__init__.py", line 165, in wrapped
    return loop.run_until_complete(inner)
           ^^^^^^^^^^^^^^^^^^^^^^^^^^^^^^
  File "/home/isaac-zainea/miniconda3/envs/libros/lib/python3.11/asyncio/base_events.py", line 654, in run_until_complete
    return future.result()
           ^^^^^^^^^^^^^^^
  File "/home/isaac-zainea/miniconda3/envs/libros/lib/python3.11/site-packages/nbclient/client.py", line 709, in async_execute
    await self.async_execute_cell(
  File "/home/isaac-zainea/miniconda3/envs/libros/lib/python3.11/site-packages/nbclient/client.py", line 1062, in async_execute_cell
    await self._check_raise_for_error(cell, cell_index, exec_reply)
  File "/home/isaac-zainea/miniconda3/envs/libros/lib/python3.11/site-packages/nbclient/client.py", line 918, in _check_raise_for_error
    raise CellExecutionError.from_cell_and_msg(cell, exec_reply_content)
nbclient.exceptions.CellExecutionError: An error occurred while executing the following cell:
------------------

# Generamos datos simulados
np.random.seed(42)
X = np.random.rand(100, 2) * 10  # Dos predictores
Y = 3 + 2.5 * X[:, 0] + 1.8 * X[:, 1] + np.random.randn(100) * 2  # Relación lineal

# Agregamos una columna de unos para el intercepto
X_design = np.c_[np.ones(X.shape[0]), X]

# Estimación por mínimos cuadrados ordinarios (OLS)
beta_ols = np.linalg.inv(X_design.T @ X_design) @ X_design.T @ Y

# Mostramos los coeficientes estimados
print(f"Coeficientes estimados (OLS): {beta_ols}")

------------------


[0;31m---------------------------------------------------------------------------[0m
[0;31mNameError[0m                                 Traceback (most recent call last)
Cell [0;32mIn[1], line 2[0m
[1;32m      1[0m [38;5;66;03m# Generamos datos simulados[39;00m
[0;32m----> 2[0m [43mnp[49m[38;5;241m.[39mrandom[38;5;241m.[39mseed([38;5;241m42[39m)
[1;32m      3[0m X [38;5;241m=[39m np[38;5;241m.[39mrandom[38;5;241m.[39mrand([38;5;241m100[39m, [38;5;241m2[39m) [38;5;241m*[39m [38;5;241m10[39m  [38;5;66;03m# Dos predictores[39;00m
[1;32m      4[0m Y [38;5;241m=[39m [38;5;241m3[39m [38;5;241m+[39m [38;5;241m2.5[39m [38;5;241m*[39m X[:, [38;5;241m0[39m] [38;5;241m+[39m [38;5;241m1.8[39m [38;5;241m*[39m X[:, [38;5;241m1[39m] [38;5;241m+[39m np[38;5;241m.[39mrandom[38;5;241m.[39mrandn([38;5;241m100[39m) [38;5;241m*[39m [38;5;241m2[39m  [38;5;66;03m# Relación lineal[39;00m

[0;31mNameError[0m: name 'np' is not defined

